0 info it worked if it ends with ok
1 verbose cli [ '/usr/bin/node', '/usr/bin/npm', 'run', 'fill-db' ]
2 info using npm@3.5.2
3 info using node@v8.10.0
4 verbose run-script [ 'prefill-db', 'fill-db', 'postfill-db' ]
5 info lifecycle api-express@1.0.0~prefill-db: api-express@1.0.0
6 silly lifecycle api-express@1.0.0~prefill-db: no script for prefill-db, continuing
7 info lifecycle api-express@1.0.0~fill-db: api-express@1.0.0
8 verbose lifecycle api-express@1.0.0~fill-db: unsafe-perm in lifecycle true
9 verbose lifecycle api-express@1.0.0~fill-db: PATH: /usr/share/npm/bin/node-gyp-bin:/home/waldo/jobs/zero/nodejs/api-express-mongodb/node_modules/.bin:/usr/local/sbin:/usr/local/bin:/usr/sbin:/usr/bin:/sbin:/bin:/usr/games:/usr/local/games:/snap/bin
10 verbose lifecycle api-express@1.0.0~fill-db: CWD: /home/waldo/jobs/zero/nodejs/api-express-mongodb
11 silly lifecycle api-express@1.0.0~fill-db: Args: [ '-c', 'node ./db/populate --fill' ]
12 silly lifecycle api-express@1.0.0~fill-db: Returned: code: 1  signal: null
13 info lifecycle api-express@1.0.0~fill-db: Failed to exec fill-db script
14 verbose stack Error: api-express@1.0.0 fill-db: `node ./db/populate --fill`
14 verbose stack Exit status 1
14 verbose stack     at EventEmitter.<anonymous> (/usr/share/npm/lib/utils/lifecycle.js:232:16)
14 verbose stack     at emitTwo (events.js:126:13)
14 verbose stack     at EventEmitter.emit (events.js:214:7)
14 verbose stack     at ChildProcess.<anonymous> (/usr/share/npm/lib/utils/spawn.js:24:14)
14 verbose stack     at emitTwo (events.js:126:13)
14 verbose stack     at ChildProcess.emit (events.js:214:7)
14 verbose stack     at maybeClose (internal/child_process.js:925:16)
14 verbose stack     at Process.ChildProcess._handle.onexit (internal/child_process.js:209:5)
15 verbose pkgid api-express@1.0.0
16 verbose cwd /home/waldo/jobs/zero/nodejs/api-express-mongodb
17 error Linux 4.15.0-50-generic
18 error argv "/usr/bin/node" "/usr/bin/npm" "run" "fill-db"
19 error node v8.10.0
20 error npm  v3.5.2
21 error code ELIFECYCLE
22 error api-express@1.0.0 fill-db: `node ./db/populate --fill`
22 error Exit status 1
23 error Failed at the api-express@1.0.0 fill-db script 'node ./db/populate --fill'.
23 error Make sure you have the latest version of node.js and npm installed.
23 error If you do, this is most likely a problem with the api-express package,
23 error not with npm itself.
23 error Tell the author that this fails on your system:
23 error     node ./db/populate --fill
23 error You can get information on how to open an issue for this project with:
23 error     npm bugs api-express
23 error Or if that isn't available, you can get their info via:
23 error     npm owner ls api-express
23 error There is likely additional logging output above.
24 verbose exit [ 1, true ]
